TN:
SF:/home/warren/radify/prism2/src/source/PostgreSQL.ts
FN:,(anonymous_0)
FN:,(anonymous_1)
FN:,(anonymous_2)
FN:,(anonymous_3)
FN:,(anonymous_4)
FN:,(anonymous_5)
FN:,(anonymous_6)
FN:,(anonymous_7)
FN:,(anonymous_8)
FN:,(anonymous_9)
FN:,(anonymous_10)
FN:,(anonymous_11)
FN:,(anonymous_12)
FN:,(anonymous_13)
FN:,(anonymous_14)
FN:,(anonymous_15)
FN:,(anonymous_16)
FN:,(anonymous_17)
FN:,(anonymous_18)
FN:,(anonymous_19)
FN:,(anonymous_20)
FN:,(anonymous_21)
FNF:22
FNH:21
FNDA:0,(anonymous_0)
FNDA:14,(anonymous_1)
FNDA:2,(anonymous_2)
FNDA:8,(anonymous_3)
FNDA:4,(anonymous_4)
FNDA:4,(anonymous_5)
FNDA:8,(anonymous_6)
FNDA:4,(anonymous_7)
FNDA:2,(anonymous_8)
FNDA:2,(anonymous_9)
FNDA:12,(anonymous_10)
FNDA:8,(anonymous_11)
FNDA:2,(anonymous_12)
FNDA:16,(anonymous_13)
FNDA:5,(anonymous_14)
FNDA:12,(anonymous_15)
FNDA:6,(anonymous_16)
FNDA:12,(anonymous_17)
FNDA:6,(anonymous_18)
FNDA:4,(anonymous_19)
FNDA:1,(anonymous_20)
FNDA:2,(anonymous_21)
DA:1,1
DA:2,1
DA:3,0
DA:4,0
DA:5,0
DA:6,0
DA:8,0
DA:10,1
DA:11,1
DA:12,1
DA:13,1
DA:14,1
DA:19,14
DA:20,14
DA:23,2
DA:26,2
DA:27,2
DA:28,2
DA:29,2
DA:32,8
DA:34,8
DA:35,8
DA:36,8
DA:37,8
DA:38,8
DA:39,4
DA:40,4
DA:41,4
DA:43,4
DA:44,4
DA:45,4
DA:48,4
DA:49,4
DA:50,4
DA:51,4
DA:53,8
DA:55,4
DA:59,2
DA:63,2
DA:64,2
DA:65,2
DA:66,2
DA:69,2
DA:71,2
DA:72,2
DA:73,2
DA:76,12
DA:77,2
DA:78,2
DA:82,8
DA:83,2
DA:86,7
DA:90,16
DA:91,5
DA:92,5
DA:97,12
DA:98,3
DA:99,6
DA:100,6
DA:101,6
DA:102,6
DA:103,4
DA:109,12
DA:110,9
DA:112,3
DA:113,6
DA:114,6
DA:115,6
DA:119,4
DA:120,3
DA:122,1
DA:123,1
DA:125,2
DA:126,2
DA:127,2
DA:128,0
DA:130,2
DA:134,2
DA:137,2
DA:138,2
DA:142,1
DA:143,1
LF:82
LH:76
BRDA:,0,0,1
BRDA:,0,1,1
BRDA:,0,2,1
BRDA:,0,3,0
BRDA:,1,0,0
BRDA:,1,1,0
BRDA:,2,0,4
BRDA:,2,1,4
BRDA:,3,0,2
BRDA:,3,1,10
BRDA:,4,0,1
BRDA:,4,1,7
BRDA:,5,0,5
BRDA:,5,1,11
BRDA:,6,0,3
BRDA:,6,1,9
BRDA:,7,0,4
BRDA:,7,1,2
BRDA:,8,0,9
BRDA:,8,1,3
BRDA:,9,0,3
BRDA:,9,1,1
BRDA:,10,0,0
BRDA:,10,1,2
BRF:24
BRH:20
end_of_record
TN:
SF:/home/warren/radify/prism2/src/action/ReadCollection.ts
FN:,(anonymous_0)
FN:,(anonymous_1)
FN:,(anonymous_2)
FN:,(anonymous_3)
FN:,(anonymous_4)
FN:,(anonymous_5)
FN:,(anonymous_6)
FN:,(anonymous_7)
FN:,(anonymous_8)
FN:,(anonymous_9)
FN:,(anonymous_10)
FN:,(anonymous_11)
FN:,(anonymous_12)
FN:,(anonymous_13)
FN:,(anonymous_14)
FN:,(anonymous_15)
FN:,(anonymous_16)
FN:,(anonymous_17)
FN:,(anonymous_18)
FN:,(anonymous_19)
FN:,(anonymous_20)
FN:,(anonymous_21)
FN:,(anonymous_22)
FN:,(anonymous_23)
FN:,(anonymous_24)
FN:,(anonymous_25)
FN:,(anonymous_26)
FN:,(anonymous_27)
FNF:28
FNH:26
FNDA:0,(anonymous_0)
FNDA:21,(anonymous_1)
FNDA:0,(anonymous_2)
FNDA:4,(anonymous_3)
FNDA:4,(anonymous_4)
FNDA:6,(anonymous_5)
FNDA:11,(anonymous_6)
FNDA:4,(anonymous_7)
FNDA:1,(anonymous_8)
FNDA:4,(anonymous_9)
FNDA:1,(anonymous_10)
FNDA:4,(anonymous_11)
FNDA:6,(anonymous_12)
FNDA:6,(anonymous_13)
FNDA:4,(anonymous_14)
FNDA:4,(anonymous_15)
FNDA:8,(anonymous_16)
FNDA:8,(anonymous_17)
FNDA:6,(anonymous_18)
FNDA:6,(anonymous_19)
FNDA:1,(anonymous_20)
FNDA:1,(anonymous_21)
FNDA:3,(anonymous_22)
FNDA:1,(anonymous_23)
FNDA:1,(anonymous_24)
FNDA:39,(anonymous_25)
FNDA:2,(anonymous_26)
FNDA:2,(anonymous_27)
DA:1,3
DA:2,3
DA:3,0
DA:4,0
DA:5,0
DA:6,0
DA:8,0
DA:10,3
DA:11,3
DA:12,3
DA:13,3
DA:14,3
DA:19,21
DA:20,21
DA:21,21
DA:23,21
DA:32,21
DA:33,21
DA:39,21
DA:40,1
DA:41,21
DA:42,1
DA:43,21
DA:47,21
DA:48,6
DA:49,6
DA:50,6
DA:51,6
DA:53,21
DA:54,4
DA:55,21
DA:56,4
DA:57,8
DA:61,8
DA:62,4
DA:68,21
DA:69,6
DA:70,3
DA:72,3
DA:73,3
DA:74,3
DA:75,3
DA:76,2
DA:90,3
DA:91,2
DA:105,3
DA:107,21
DA:108,21
DA:115,1
DA:116,1
DA:117,1
DA:122,1
DA:129,3
DA:133,1
DA:134,1
DA:138,1
DA:145,39
DA:149,2
DA:150,2
DA:151,2
DA:161,2
DA:165,21
DA:166,21
DA:169,3
DA:170,3
LF:65
LH:60
BRDA:,0,0,3
BRDA:,0,1,3
BRDA:,0,2,3
BRDA:,0,3,0
BRDA:,1,0,0
BRDA:,1,1,0
BRDA:,2,0,1
BRDA:,2,1,3
BRDA:,3,0,3
BRDA:,3,1,3
BRDA:,4,0,3
BRDA:,4,1,0
BRDA:,5,0,2
BRDA:,5,1,1
BRDA:,6,0,2
BRDA:,6,1,1
BRF:16
BRH:12
end_of_record
TN:
SF:/home/warren/radify/prism2/src/Document.ts
FN:,(anonymous_0)
FN:,(anonymous_1)
FN:,(anonymous_2)
FN:,(anonymous_3)
FN:,(anonymous_4)
FN:,(anonymous_5)
FN:,(anonymous_6)
FNF:7
FNH:6
FNDA:0,(anonymous_0)
FNDA:76,(anonymous_1)
FNDA:26,(anonymous_2)
FNDA:16,(anonymous_3)
FNDA:8,(anonymous_4)
FNDA:16,(anonymous_5)
FNDA:24,(anonymous_6)
DA:1,5
DA:2,5
DA:3,0
DA:4,0
DA:5,0
DA:6,0
DA:8,0
DA:10,5
DA:11,5
DA:14,76
DA:15,76
DA:16,76
DA:17,76
DA:20,26
DA:21,26
DA:22,16
DA:23,16
DA:25,26
DA:26,8
DA:27,8
DA:29,26
DA:32,5
DA:33,5
DA:34,5
DA:35,16
DA:36,16
DA:37,16
DA:38,10
DA:40,6
DA:41,2
DA:43,4
DA:45,5
DA:46,24
DA:47,16
DA:50,16
DA:52,8
DA:53,4
DA:54,4
DA:56,4
DA:57,0
DA:58,0
DA:60,4
LF:42
LH:35
BRDA:,0,0,5
BRDA:,0,1,5
BRDA:,0,2,5
BRDA:,0,3,0
BRDA:,1,0,0
BRDA:,1,1,0
BRDA:,2,0,23
BRDA:,3,0,10
BRDA:,3,1,6
BRDA:,4,0,2
BRDA:,4,1,4
BRDA:,5,0,22
BRDA:,6,0,16
BRDA:,6,1,8
BRDA:,7,0,2
BRDA:,7,1,14
BRDA:,8,0,4
BRDA:,8,1,4
BRDA:,9,0,0
BRDA:,9,1,4
BRDA:,10,0,0
BRDA:,10,1,4
BRF:22
BRH:17
end_of_record
TN:
SF:/home/warren/radify/prism2/src/action/Root.ts
FN:,(anonymous_0)
FN:,(anonymous_1)
FN:,(anonymous_2)
FNF:3
FNH:2
FNDA:11,(anonymous_0)
FNDA:0,(anonymous_1)
FNDA:3,(anonymous_2)
DA:1,3
DA:4,11
DA:5,11
DA:6,11
DA:7,11
DA:10,3
DA:11,3
LF:7
LH:7
BRF:0
BRH:0
end_of_record
TN:
SF:/home/warren/radify/prism2/src/action/ReadItem.ts
FN:,(anonymous_0)
FN:,(anonymous_1)
FN:,(anonymous_2)
FN:,(anonymous_3)
FN:,(anonymous_4)
FN:,(anonymous_5)
FN:,(anonymous_6)
FN:,(anonymous_7)
FN:,(anonymous_8)
FN:,(anonymous_9)
FN:,(anonymous_10)
FN:,(anonymous_11)
FN:,(anonymous_12)
FN:,(anonymous_13)
FN:,(anonymous_14)
FN:,(anonymous_15)
FN:,(anonymous_16)
FN:,(anonymous_17)
FN:,(anonymous_18)
FN:,(anonymous_19)
FN:,(anonymous_20)
FN:,(anonymous_21)
FN:,(anonymous_22)
FN:,(anonymous_23)
FN:,(anonymous_24)
FN:,(anonymous_25)
FN:,(anonymous_26)
FNF:27
FNH:26
FNDA:36,(anonymous_0)
FNDA:0,(anonymous_1)
FNDA:2,(anonymous_2)
FNDA:2,(anonymous_3)
FNDA:2,(anonymous_4)
FNDA:2,(anonymous_5)
FNDA:6,(anonymous_6)
FNDA:10,(anonymous_7)
FNDA:8,(anonymous_8)
FNDA:8,(anonymous_9)
FNDA:11,(anonymous_10)
FNDA:8,(anonymous_11)
FNDA:8,(anonymous_12)
FNDA:11,(anonymous_13)
FNDA:2,(anonymous_14)
FNDA:2,(anonymous_15)
FNDA:2,(anonymous_16)
FNDA:2,(anonymous_17)
FNDA:22,(anonymous_18)
FNDA:2,(anonymous_19)
FNDA:2,(anonymous_20)
FNDA:22,(anonymous_21)
FNDA:2,(anonymous_22)
FNDA:2,(anonymous_23)
FNDA:4,(anonymous_24)
FNDA:2,(anonymous_25)
FNDA:36,(anonymous_26)
DA:1,3
DA:2,3
DA:3,3
DA:4,3
DA:5,3
DA:8,36
DA:9,36
DA:10,36
DA:12,36
DA:19,36
DA:20,36
DA:24,36
DA:30,36
DA:31,8
DA:32,8
DA:33,8
DA:34,8
DA:36,36
DA:40,36
DA:41,36
DA:42,36
DA:49,2
DA:50,2
DA:51,2
DA:55,2
DA:65,2
DA:66,2
DA:67,2
DA:68,2
DA:74,2
DA:81,22
DA:85,2
DA:86,2
DA:90,2
DA:98,22
DA:102,2
DA:103,2
DA:104,2
DA:105,4
DA:107,2
DA:112,2
DA:114,2
DA:118,36
DA:119,36
DA:122,3
DA:123,3
LF:46
LH:46
BRDA:,0,0,2
BRDA:,0,1,0
BRDA:,1,0,4
BRDA:,1,1,4
BRF:4
BRH:3
end_of_record
TN:
SF:/home/warren/radify/prism2/src/registry.ts
FN:,(anonymous_0)
FN:,(anonymous_1)
FN:,(anonymous_2)
FN:,(anonymous_3)
FN:,(anonymous_4)
FN:,(anonymous_5)
FN:,(anonymous_6)
FN:,(anonymous_7)
FN:,(anonymous_8)
FN:,(anonymous_9)
FNF:10
FNH:10
FNDA:11,(anonymous_0)
FNDA:31,(anonymous_1)
FNDA:79,(anonymous_2)
FNDA:92,(anonymous_3)
FNDA:13,(anonymous_4)
FNDA:119,(anonymous_5)
FNDA:33,(anonymous_6)
FNDA:12,(anonymous_7)
FNDA:119,(anonymous_8)
FNDA:310,(anonymous_9)
DA:1,3
DA:2,3
DA:5,11
DA:6,11
DA:9,31
DA:10,0
DA:12,31
DA:13,31
DA:14,79
DA:18,92
DA:19,34
DA:21,58
DA:22,58
DA:23,119
DA:24,33
DA:25,12
DA:28,119
DA:32,310
DA:33,119
DA:34,86
DA:36,33
DA:37,33
DA:40,3
DA:41,3
LF:24
LH:23
BRDA:,0,0,0
BRDA:,0,1,31
BRDA:,1,0,20
BRDA:,1,1,11
BRDA:,2,0,34
BRDA:,2,1,58
BRDA:,3,0,119
BRDA:,3,1,20
BRDA:,4,0,310
BRDA:,4,1,79
BRDA:,5,0,86
BRDA:,5,1,33
BRF:12
BRH:11
end_of_record
