{"/home/warren/radify/prism2/src/Document.ts": {"path":"/home/warren/radify/prism2/src/Document.ts","statementMap":{"0":{"start":{"line":1,"column":13},"end":{"line":1,"column":42}},"1":{"start":{"line":1,"column":42},"end":{"line":1,"column":55}},"2":{"start":{"line":2,"column":15},"end":{"line":9,"column":1}},"3":{"start":{"line":3,"column":4},"end":{"line":7,"column":5}},"4":{"start":{"line":4,"column":8},"end":{"line":4,"column":25}},"5":{"start":{"line":5,"column":8},"end":{"line":6,"column":24}},"6":{"start":{"line":5,"column":25},"end":{"line":6,"column":24}},"7":{"start":{"line":6,"column":12},"end":{"line":6,"column":24}},"8":{"start":{"line":8,"column":4},"end":{"line":8,"column":13}},"9":{"start":{"line":10,"column":16},"end":{"line":10,"column":32}},"10":{"start":{"line":11,"column":15},"end":{"line":11,"column":39}},"11":{"start":{"line":14,"column":8},"end":{"line":14,"column":37}},"12":{"start":{"line":15,"column":8},"end":{"line":15,"column":27}},"13":{"start":{"line":16,"column":8},"end":{"line":16,"column":24}},"14":{"start":{"line":17,"column":8},"end":{"line":17,"column":23}},"15":{"start":{"line":20,"column":21},"end":{"line":20,"column":61}},"16":{"start":{"line":21,"column":8},"end":{"line":24,"column":11}},"17":{"start":{"line":22,"column":24},"end":{"line":22,"column":40}},"18":{"start":{"line":23,"column":12},"end":{"line":23,"column":54}},"19":{"start":{"line":25,"column":8},"end":{"line":28,"column":11}},"20":{"start":{"line":26,"column":28},"end":{"line":26,"column":66}},"21":{"start":{"line":27,"column":12},"end":{"line":27,"column":81}},"22":{"start":{"line":29,"column":8},"end":{"line":29,"column":22}},"23":{"start":{"line":32,"column":0},"end":{"line":32,"column":62}},"24":{"start":{"line":33,"column":0},"end":{"line":33,"column":27}},"25":{"start":{"line":34,"column":19},"end":{"line":44,"column":1}},"26":{"start":{"line":35,"column":16},"end":{"line":35,"column":52}},"27":{"start":{"line":36,"column":22},"end":{"line":36,"column":49}},"28":{"start":{"line":37,"column":4},"end":{"line":39,"column":5}},"29":{"start":{"line":38,"column":8},"end":{"line":38,"column":21}},"30":{"start":{"line":40,"column":4},"end":{"line":42,"column":5}},"31":{"start":{"line":41,"column":8},"end":{"line":41,"column":56}},"32":{"start":{"line":43,"column":4},"end":{"line":43,"column":88}},"33":{"start":{"line":45,"column":15},"end":{"line":61,"column":1}},"34":{"start":{"line":46,"column":4},"end":{"line":51,"column":5}},"35":{"start":{"line":47,"column":8},"end":{"line":49,"column":10}},"36":{"start":{"line":50,"column":8},"end":{"line":50,"column":15}},"37":{"start":{"line":52,"column":4},"end":{"line":55,"column":5}},"38":{"start":{"line":53,"column":8},"end":{"line":53,"column":58}},"39":{"start":{"line":54,"column":8},"end":{"line":54,"column":15}},"40":{"start":{"line":56,"column":4},"end":{"line":59,"column":5}},"41":{"start":{"line":57,"column":8},"end":{"line":57,"column":38}},"42":{"start":{"line":58,"column":8},"end":{"line":58,"column":15}},"43":{"start":{"line":60,"column":4},"end":{"line":60,"column":58}}},"fnMap":{"0":{"name":"(anonymous_0)","decl":{"start":{"line":2,"column":59},"end":{"line":2,"column":60}},"loc":{"start":{"line":2,"column":71},"end":{"line":9,"column":1}}},"1":{"name":"(anonymous_1)","decl":{"start":{"line":13,"column":4},"end":{"line":13,"column":5}},"loc":{"start":{"line":13,"column":33},"end":{"line":18,"column":5}}},"2":{"name":"(anonymous_2)","decl":{"start":{"line":19,"column":4},"end":{"line":19,"column":5}},"loc":{"start":{"line":19,"column":28},"end":{"line":30,"column":5}}},"3":{"name":"(anonymous_3)","decl":{"start":{"line":21,"column":27},"end":{"line":21,"column":28}},"loc":{"start":{"line":21,"column":35},"end":{"line":24,"column":9}}},"4":{"name":"(anonymous_4)","decl":{"start":{"line":25,"column":30},"end":{"line":25,"column":31}},"loc":{"start":{"line":25,"column":39},"end":{"line":28,"column":9}}},"5":{"name":"(anonymous_5)","decl":{"start":{"line":34,"column":19},"end":{"line":34,"column":20}},"loc":{"start":{"line":34,"column":29},"end":{"line":44,"column":1}}},"6":{"name":"(anonymous_6)","decl":{"start":{"line":45,"column":15},"end":{"line":45,"column":16}},"loc":{"start":{"line":45,"column":66},"end":{"line":61,"column":1}}}},"branchMap":{"0":{"loc":{"start":{"line":2,"column":15},"end":{"line":9,"column":1}},"type":"binary-expr","locations":[{"start":{"line":2,"column":16},"end":{"line":2,"column":20}},{"start":{"line":2,"column":24},"end":{"line":2,"column":37}},{"start":{"line":2,"column":42},"end":{"line":2,"column":55}},{"start":{"line":2,"column":59},"end":{"line":9,"column":1}}]},"1":{"loc":{"start":{"line":5,"column":25},"end":{"line":6,"column":24}},"type":"if","locations":[{"start":{"line":5,"column":25},"end":{"line":6,"column":24}},{"start":{"line":5,"column":25},"end":{"line":6,"column":24}}]},"2":{"loc":{"start":{"line":13,"column":16},"end":{"line":13,"column":31}},"type":"default-arg","locations":[{"start":{"line":13,"column":29},"end":{"line":13,"column":31}}]},"3":{"loc":{"start":{"line":37,"column":4},"end":{"line":39,"column":5}},"type":"if","locations":[{"start":{"line":37,"column":4},"end":{"line":39,"column":5}},{"start":{"line":37,"column":4},"end":{"line":39,"column":5}}]},"4":{"loc":{"start":{"line":40,"column":4},"end":{"line":42,"column":5}},"type":"if","locations":[{"start":{"line":40,"column":4},"end":{"line":42,"column":5}},{"start":{"line":40,"column":4},"end":{"line":42,"column":5}}]},"5":{"loc":{"start":{"line":45,"column":42},"end":{"line":45,"column":61}},"type":"default-arg","locations":[{"start":{"line":45,"column":56},"end":{"line":45,"column":61}}]},"6":{"loc":{"start":{"line":46,"column":4},"end":{"line":51,"column":5}},"type":"if","locations":[{"start":{"line":46,"column":4},"end":{"line":51,"column":5}},{"start":{"line":46,"column":4},"end":{"line":51,"column":5}}]},"7":{"loc":{"start":{"line":48,"column":20},"end":{"line":48,"column":49}},"type":"cond-expr","locations":[{"start":{"line":48,"column":34},"end":{"line":48,"column":41}},{"start":{"line":48,"column":44},"end":{"line":48,"column":49}}]},"8":{"loc":{"start":{"line":52,"column":4},"end":{"line":55,"column":5}},"type":"if","locations":[{"start":{"line":52,"column":4},"end":{"line":55,"column":5}},{"start":{"line":52,"column":4},"end":{"line":55,"column":5}}]},"9":{"loc":{"start":{"line":53,"column":28},"end":{"line":53,"column":57}},"type":"cond-expr","locations":[{"start":{"line":53,"column":42},"end":{"line":53,"column":49}},{"start":{"line":53,"column":52},"end":{"line":53,"column":57}}]},"10":{"loc":{"start":{"line":56,"column":4},"end":{"line":59,"column":5}},"type":"if","locations":[{"start":{"line":56,"column":4},"end":{"line":59,"column":5}},{"start":{"line":56,"column":4},"end":{"line":59,"column":5}}]}},"s":{"0":3,"1":3,"2":3,"3":0,"4":0,"5":0,"6":0,"7":0,"8":0,"9":3,"10":3,"11":48,"12":48,"13":48,"14":48,"15":13,"16":13,"17":8,"18":8,"19":13,"20":4,"21":4,"22":13,"23":3,"24":3,"25":3,"26":8,"27":8,"28":8,"29":5,"30":3,"31":1,"32":2,"33":3,"34":12,"35":8,"36":8,"37":4,"38":2,"39":2,"40":2,"41":0,"42":0,"43":2},"f":{"0":0,"1":48,"2":13,"3":8,"4":4,"5":8,"6":12},"b":{"0":[3,3,3,0],"1":[0,0],"2":[12],"3":[5,3],"4":[1,2],"5":[11],"6":[8,4],"7":[1,7],"8":[2,2],"9":[0,2],"10":[0,2]},"_coverageSchema":"332fd63041d2c1bcb487cc26dd0d5f7d97098a6c","hash":"784c6477088434370622092c0a3074679abadd5d"}
,"/home/warren/radify/prism2/src/registry.ts": {"path":"/home/warren/radify/prism2/src/registry.ts","statementMap":{"0":{"start":{"line":1,"column":13},"end":{"line":1,"column":42}},"1":{"start":{"line":1,"column":42},"end":{"line":1,"column":55}},"2":{"start":{"line":2,"column":16},"end":{"line":2,"column":32}},"3":{"start":{"line":5,"column":8},"end":{"line":5,"column":27}},"4":{"start":{"line":6,"column":8},"end":{"line":6,"column":34}},"5":{"start":{"line":9,"column":8},"end":{"line":11,"column":9}},"6":{"start":{"line":10,"column":12},"end":{"line":10,"column":55}},"7":{"start":{"line":12,"column":8},"end":{"line":12,"column":35}},"8":{"start":{"line":13,"column":8},"end":{"line":15,"column":9}},"9":{"start":{"line":14,"column":12},"end":{"line":14,"column":74}},"10":{"start":{"line":14,"column":45},"end":{"line":14,"column":72}},"11":{"start":{"line":18,"column":8},"end":{"line":20,"column":9}},"12":{"start":{"line":19,"column":12},"end":{"line":19,"column":73}},"13":{"start":{"line":19,"column":44},"end":{"line":19,"column":71}},"14":{"start":{"line":21,"column":22},"end":{"line":21,"column":55}},"15":{"start":{"line":22,"column":8},"end":{"line":29,"column":11}},"16":{"start":{"line":23,"column":26},"end":{"line":27,"column":14}},"17":{"start":{"line":24,"column":16},"end":{"line":26,"column":19}},"18":{"start":{"line":25,"column":20},"end":{"line":25,"column":56}},"19":{"start":{"line":28,"column":12},"end":{"line":28,"column":28}},"20":{"start":{"line":32,"column":20},"end":{"line":32,"column":98}},"21":{"start":{"line":32,"column":49},"end":{"line":32,"column":97}},"22":{"start":{"line":33,"column":8},"end":{"line":35,"column":9}},"23":{"start":{"line":34,"column":12},"end":{"line":34,"column":25}},"24":{"start":{"line":36,"column":8},"end":{"line":36,"column":18}},"25":{"start":{"line":37,"column":8},"end":{"line":37,"column":20}},"26":{"start":{"line":40,"column":0},"end":{"line":40,"column":62}},"27":{"start":{"line":41,"column":0},"end":{"line":41,"column":27}}},"fnMap":{"0":{"name":"(anonymous_0)","decl":{"start":{"line":4,"column":4},"end":{"line":4,"column":5}},"loc":{"start":{"line":4,"column":18},"end":{"line":7,"column":5}}},"1":{"name":"(anonymous_1)","decl":{"start":{"line":8,"column":4},"end":{"line":8,"column":5}},"loc":{"start":{"line":8,"column":27},"end":{"line":16,"column":5}}},"2":{"name":"(anonymous_2)","decl":{"start":{"line":14,"column":35},"end":{"line":14,"column":36}},"loc":{"start":{"line":14,"column":45},"end":{"line":14,"column":72}}},"3":{"name":"(anonymous_3)","decl":{"start":{"line":17,"column":4},"end":{"line":17,"column":5}},"loc":{"start":{"line":17,"column":27},"end":{"line":30,"column":5}}},"4":{"name":"(anonymous_4)","decl":{"start":{"line":19,"column":34},"end":{"line":19,"column":35}},"loc":{"start":{"line":19,"column":44},"end":{"line":19,"column":71}}},"5":{"name":"(anonymous_5)","decl":{"start":{"line":22,"column":46},"end":{"line":22,"column":47}},"loc":{"start":{"line":22,"column":56},"end":{"line":29,"column":9}}},"6":{"name":"(anonymous_6)","decl":{"start":{"line":23,"column":93},"end":{"line":23,"column":94}},"loc":{"start":{"line":23,"column":105},"end":{"line":27,"column":13}}},"7":{"name":"(anonymous_7)","decl":{"start":{"line":24,"column":72},"end":{"line":24,"column":73}},"loc":{"start":{"line":24,"column":91},"end":{"line":26,"column":17}}},"8":{"name":"(anonymous_8)","decl":{"start":{"line":31,"column":4},"end":{"line":31,"column":5}},"loc":{"start":{"line":31,"column":32},"end":{"line":38,"column":5}}},"9":{"name":"(anonymous_9)","decl":{"start":{"line":32,"column":39},"end":{"line":32,"column":40}},"loc":{"start":{"line":32,"column":49},"end":{"line":32,"column":97}}}},"branchMap":{"0":{"loc":{"start":{"line":9,"column":8},"end":{"line":11,"column":9}},"type":"if","locations":[{"start":{"line":9,"column":8},"end":{"line":11,"column":9}},{"start":{"line":9,"column":8},"end":{"line":11,"column":9}}]},"1":{"loc":{"start":{"line":13,"column":8},"end":{"line":15,"column":9}},"type":"if","locations":[{"start":{"line":13,"column":8},"end":{"line":15,"column":9}},{"start":{"line":13,"column":8},"end":{"line":15,"column":9}}]},"2":{"loc":{"start":{"line":18,"column":8},"end":{"line":20,"column":9}},"type":"if","locations":[{"start":{"line":18,"column":8},"end":{"line":20,"column":9}},{"start":{"line":18,"column":8},"end":{"line":20,"column":9}}]},"3":{"loc":{"start":{"line":23,"column":55},"end":{"line":23,"column":91}},"type":"binary-expr","locations":[{"start":{"line":23,"column":55},"end":{"line":23,"column":67}},{"start":{"line":23,"column":71},"end":{"line":23,"column":91}}]},"4":{"loc":{"start":{"line":32,"column":49},"end":{"line":32,"column":97}},"type":"binary-expr","locations":[{"start":{"line":32,"column":49},"end":{"line":32,"column":71}},{"start":{"line":32,"column":75},"end":{"line":32,"column":97}}]},"5":{"loc":{"start":{"line":33,"column":8},"end":{"line":35,"column":9}},"type":"if","locations":[{"start":{"line":33,"column":8},"end":{"line":35,"column":9}},{"start":{"line":33,"column":8},"end":{"line":35,"column":9}}]}},"s":{"0":2,"1":2,"2":2,"3":7,"4":7,"5":20,"6":0,"7":20,"8":20,"9":13,"10":51,"11":60,"12":21,"13":9,"14":39,"15":39,"16":86,"17":21,"18":8,"19":86,"20":86,"21":233,"22":86,"23":65,"24":21,"25":21,"26":2,"27":2},"f":{"0":7,"1":20,"2":51,"3":60,"4":9,"5":86,"6":21,"7":8,"8":86,"9":233},"b":{"0":[0,20],"1":[13,7],"2":[21,39],"3":[86,13],"4":[233,64],"5":[65,21]},"_coverageSchema":"332fd63041d2c1bcb487cc26dd0d5f7d97098a6c","hash":"f065b31b56bb53554859b7d8857ca3b592592e0b"}
,"/home/warren/radify/prism2/src/action/ReadCollection.ts": {"path":"/home/warren/radify/prism2/src/action/ReadCollection.ts","statementMap":{"0":{"start":{"line":1,"column":13},"end":{"line":1,"column":42}},"1":{"start":{"line":1,"column":42},"end":{"line":1,"column":55}},"2":{"start":{"line":2,"column":15},"end":{"line":9,"column":1}},"3":{"start":{"line":3,"column":4},"end":{"line":7,"column":5}},"4":{"start":{"line":4,"column":8},"end":{"line":4,"column":25}},"5":{"start":{"line":5,"column":8},"end":{"line":6,"column":24}},"6":{"start":{"line":5,"column":25},"end":{"line":6,"column":24}},"7":{"start":{"line":6,"column":12},"end":{"line":6,"column":24}},"8":{"start":{"line":8,"column":4},"end":{"line":8,"column":13}},"9":{"start":{"line":10,"column":19},"end":{"line":10,"column":41}},"10":{"start":{"line":11,"column":15},"end":{"line":11,"column":32}},"11":{"start":{"line":12,"column":19},"end":{"line":12,"column":40}},"12":{"start":{"line":13,"column":16},"end":{"line":13,"column":32}},"13":{"start":{"line":14,"column":24},"end":{"line":16,"column":1}},"14":{"start":{"line":19,"column":8},"end":{"line":19,"column":33}},"15":{"start":{"line":20,"column":8},"end":{"line":20,"column":28}},"16":{"start":{"line":21,"column":8},"end":{"line":22,"column":47}},"17":{"start":{"line":21,"column":43},"end":{"line":22,"column":46}},"18":{"start":{"line":23,"column":8},"end":{"line":31,"column":11}},"19":{"start":{"line":23,"column":43},"end":{"line":31,"column":9}},"20":{"start":{"line":32,"column":8},"end":{"line":32,"column":64}},"21":{"start":{"line":32,"column":43},"end":{"line":32,"column":63}},"22":{"start":{"line":33,"column":8},"end":{"line":38,"column":12}},"23":{"start":{"line":33,"column":42},"end":{"line":38,"column":11}},"24":{"start":{"line":33,"column":95},"end":{"line":38,"column":9}},"25":{"start":{"line":39,"column":8},"end":{"line":40,"column":57}},"26":{"start":{"line":39,"column":47},"end":{"line":40,"column":56}},"27":{"start":{"line":40,"column":38},"end":{"line":40,"column":54}},"28":{"start":{"line":41,"column":8},"end":{"line":42,"column":65}},"29":{"start":{"line":41,"column":42},"end":{"line":42,"column":64}},"30":{"start":{"line":42,"column":42},"end":{"line":42,"column":62}},"31":{"start":{"line":43,"column":8},"end":{"line":46,"column":11}},"32":{"start":{"line":43,"column":42},"end":{"line":46,"column":9}},"33":{"start":{"line":47,"column":8},"end":{"line":52,"column":10}},"34":{"start":{"line":48,"column":12},"end":{"line":48,"column":70}},"35":{"start":{"line":49,"column":12},"end":{"line":49,"column":64}},"36":{"start":{"line":50,"column":12},"end":{"line":50,"column":62}},"37":{"start":{"line":51,"column":12},"end":{"line":51,"column":23}},"38":{"start":{"line":53,"column":8},"end":{"line":54,"column":64}},"39":{"start":{"line":53,"column":50},"end":{"line":54,"column":63}},"40":{"start":{"line":54,"column":25},"end":{"line":54,"column":62}},"41":{"start":{"line":55,"column":8},"end":{"line":67,"column":10}},"42":{"start":{"line":56,"column":27},"end":{"line":56,"column":55}},"43":{"start":{"line":57,"column":12},"end":{"line":60,"column":16}},"44":{"start":{"line":57,"column":85},"end":{"line":60,"column":13}},"45":{"start":{"line":61,"column":12},"end":{"line":61,"column":93}},"46":{"start":{"line":61,"column":80},"end":{"line":61,"column":91}},"47":{"start":{"line":62,"column":12},"end":{"line":66,"column":14}},"48":{"start":{"line":68,"column":8},"end":{"line":106,"column":10}},"49":{"start":{"line":69,"column":12},"end":{"line":71,"column":13}},"50":{"start":{"line":70,"column":16},"end":{"line":70,"column":26}},"51":{"start":{"line":72,"column":24},"end":{"line":72,"column":26}},"52":{"start":{"line":73,"column":26},"end":{"line":73,"column":69}},"53":{"start":{"line":74,"column":23},"end":{"line":74,"column":82}},"54":{"start":{"line":75,"column":12},"end":{"line":89,"column":13}},"55":{"start":{"line":76,"column":16},"end":{"line":88,"column":19}},"56":{"start":{"line":90,"column":12},"end":{"line":104,"column":13}},"57":{"start":{"line":91,"column":16},"end":{"line":103,"column":19}},"58":{"start":{"line":105,"column":12},"end":{"line":105,"column":25}},"59":{"start":{"line":107,"column":8},"end":{"line":107,"column":56}},"60":{"start":{"line":107,"column":46},"end":{"line":107,"column":55}},"61":{"start":{"line":108,"column":8},"end":{"line":164,"column":10}},"62":{"start":{"line":115,"column":32},"end":{"line":123,"column":17}},"63":{"start":{"line":116,"column":20},"end":{"line":116,"column":30}},"64":{"start":{"line":117,"column":20},"end":{"line":121,"column":23}},"65":{"start":{"line":122,"column":20},"end":{"line":122,"column":31}},"66":{"start":{"line":129,"column":58},"end":{"line":141,"column":13}},"67":{"start":{"line":133,"column":32},"end":{"line":140,"column":17}},"68":{"start":{"line":134,"column":32},"end":{"line":137,"column":23}},"69":{"start":{"line":138,"column":20},"end":{"line":139,"column":39}},"70":{"start":{"line":145,"column":68},"end":{"line":163,"column":13}},"71":{"start":{"line":149,"column":32},"end":{"line":162,"column":17}},"72":{"start":{"line":150,"column":20},"end":{"line":150,"column":47}},"73":{"start":{"line":151,"column":20},"end":{"line":160,"column":23}},"74":{"start":{"line":161,"column":20},"end":{"line":161,"column":31}},"75":{"start":{"line":165,"column":8},"end":{"line":165,"column":63}},"76":{"start":{"line":166,"column":8},"end":{"line":166,"column":63}},"77":{"start":{"line":169,"column":0},"end":{"line":169,"column":62}},"78":{"start":{"line":170,"column":0},"end":{"line":170,"column":33}}},"fnMap":{"0":{"name":"(anonymous_0)","decl":{"start":{"line":2,"column":59},"end":{"line":2,"column":60}},"loc":{"start":{"line":2,"column":71},"end":{"line":9,"column":1}}},"1":{"name":"(anonymous_1)","decl":{"start":{"line":18,"column":4},"end":{"line":18,"column":5}},"loc":{"start":{"line":18,"column":35},"end":{"line":167,"column":5}}},"2":{"name":"(anonymous_2)","decl":{"start":{"line":21,"column":22},"end":{"line":21,"column":23}},"loc":{"start":{"line":21,"column":43},"end":{"line":22,"column":46}}},"3":{"name":"(anonymous_3)","decl":{"start":{"line":23,"column":21},"end":{"line":23,"column":22}},"loc":{"start":{"line":23,"column":43},"end":{"line":31,"column":9}}},"4":{"name":"(anonymous_4)","decl":{"start":{"line":32,"column":22},"end":{"line":32,"column":23}},"loc":{"start":{"line":32,"column":43},"end":{"line":32,"column":63}}},"5":{"name":"(anonymous_5)","decl":{"start":{"line":33,"column":21},"end":{"line":33,"column":22}},"loc":{"start":{"line":33,"column":42},"end":{"line":38,"column":11}}},"6":{"name":"(anonymous_6)","decl":{"start":{"line":33,"column":84},"end":{"line":33,"column":85}},"loc":{"start":{"line":33,"column":95},"end":{"line":38,"column":9}}},"7":{"name":"(anonymous_7)","decl":{"start":{"line":39,"column":26},"end":{"line":39,"column":27}},"loc":{"start":{"line":39,"column":47},"end":{"line":40,"column":56}}},"8":{"name":"(anonymous_8)","decl":{"start":{"line":40,"column":17},"end":{"line":40,"column":18}},"loc":{"start":{"line":40,"column":38},"end":{"line":40,"column":54}}},"9":{"name":"(anonymous_9)","decl":{"start":{"line":41,"column":21},"end":{"line":41,"column":22}},"loc":{"start":{"line":41,"column":42},"end":{"line":42,"column":64}}},"10":{"name":"(anonymous_10)","decl":{"start":{"line":42,"column":17},"end":{"line":42,"column":18}},"loc":{"start":{"line":42,"column":42},"end":{"line":42,"column":62}}},"11":{"name":"(anonymous_11)","decl":{"start":{"line":43,"column":20},"end":{"line":43,"column":21}},"loc":{"start":{"line":43,"column":42},"end":{"line":46,"column":9}}},"12":{"name":"(anonymous_12)","decl":{"start":{"line":47,"column":24},"end":{"line":47,"column":25}},"loc":{"start":{"line":47,"column":50},"end":{"line":52,"column":9}}},"13":{"name":"(anonymous_13)","decl":{"start":{"line":53,"column":24},"end":{"line":53,"column":25}},"loc":{"start":{"line":53,"column":50},"end":{"line":54,"column":63}}},"14":{"name":"(anonymous_14)","decl":{"start":{"line":54,"column":17},"end":{"line":54,"column":18}},"loc":{"start":{"line":54,"column":25},"end":{"line":54,"column":62}}},"15":{"name":"(anonymous_15)","decl":{"start":{"line":55,"column":25},"end":{"line":55,"column":26}},"loc":{"start":{"line":55,"column":52},"end":{"line":67,"column":9}}},"16":{"name":"(anonymous_16)","decl":{"start":{"line":57,"column":74},"end":{"line":57,"column":75}},"loc":{"start":{"line":57,"column":85},"end":{"line":60,"column":13}}},"17":{"name":"(anonymous_17)","decl":{"start":{"line":61,"column":70},"end":{"line":61,"column":71}},"loc":{"start":{"line":61,"column":80},"end":{"line":61,"column":91}}},"18":{"name":"(anonymous_18)","decl":{"start":{"line":68,"column":21},"end":{"line":68,"column":22}},"loc":{"start":{"line":68,"column":47},"end":{"line":106,"column":9}}},"19":{"name":"(anonymous_19)","decl":{"start":{"line":107,"column":20},"end":{"line":107,"column":21}},"loc":{"start":{"line":107,"column":46},"end":{"line":107,"column":55}}},"20":{"name":"(anonymous_20)","decl":{"start":{"line":115,"column":24},"end":{"line":115,"column":25}},"loc":{"start":{"line":115,"column":32},"end":{"line":123,"column":17}}},"21":{"name":"(anonymous_21)","decl":{"start":{"line":115,"column":32},"end":{"line":115,"column":33}},"loc":{"start":{"line":115,"column":39},"end":{"line":123,"column":17}}},"22":{"name":"(anonymous_22)","decl":{"start":{"line":129,"column":48},"end":{"line":129,"column":49}},"loc":{"start":{"line":129,"column":58},"end":{"line":141,"column":13}}},"23":{"name":"(anonymous_23)","decl":{"start":{"line":133,"column":24},"end":{"line":133,"column":25}},"loc":{"start":{"line":133,"column":32},"end":{"line":140,"column":17}}},"24":{"name":"(anonymous_24)","decl":{"start":{"line":133,"column":32},"end":{"line":133,"column":33}},"loc":{"start":{"line":133,"column":53},"end":{"line":140,"column":17}}},"25":{"name":"(anonymous_25)","decl":{"start":{"line":145,"column":57},"end":{"line":145,"column":58}},"loc":{"start":{"line":145,"column":68},"end":{"line":163,"column":13}}},"26":{"name":"(anonymous_26)","decl":{"start":{"line":149,"column":24},"end":{"line":149,"column":25}},"loc":{"start":{"line":149,"column":32},"end":{"line":162,"column":17}}},"27":{"name":"(anonymous_27)","decl":{"start":{"line":149,"column":32},"end":{"line":149,"column":33}},"loc":{"start":{"line":149,"column":58},"end":{"line":162,"column":17}}}},"branchMap":{"0":{"loc":{"start":{"line":2,"column":15},"end":{"line":9,"column":1}},"type":"binary-expr","locations":[{"start":{"line":2,"column":16},"end":{"line":2,"column":20}},{"start":{"line":2,"column":24},"end":{"line":2,"column":37}},{"start":{"line":2,"column":42},"end":{"line":2,"column":55}},{"start":{"line":2,"column":59},"end":{"line":9,"column":1}}]},"1":{"loc":{"start":{"line":5,"column":25},"end":{"line":6,"column":24}},"type":"if","locations":[{"start":{"line":5,"column":25},"end":{"line":6,"column":24}},{"start":{"line":5,"column":25},"end":{"line":6,"column":24}}]},"2":{"loc":{"start":{"line":44,"column":20},"end":{"line":44,"column":63}},"type":"cond-expr","locations":[{"start":{"line":44,"column":34},"end":{"line":44,"column":59}},{"start":{"line":44,"column":62},"end":{"line":44,"column":63}}]},"3":{"loc":{"start":{"line":69,"column":12},"end":{"line":71,"column":13}},"type":"if","locations":[{"start":{"line":69,"column":12},"end":{"line":71,"column":13}},{"start":{"line":69,"column":12},"end":{"line":71,"column":13}}]},"4":{"loc":{"start":{"line":73,"column":26},"end":{"line":73,"column":69}},"type":"cond-expr","locations":[{"start":{"line":73,"column":40},"end":{"line":73,"column":65}},{"start":{"line":73,"column":68},"end":{"line":73,"column":69}}]},"5":{"loc":{"start":{"line":75,"column":12},"end":{"line":89,"column":13}},"type":"if","locations":[{"start":{"line":75,"column":12},"end":{"line":89,"column":13}},{"start":{"line":75,"column":12},"end":{"line":89,"column":13}}]},"6":{"loc":{"start":{"line":90,"column":12},"end":{"line":104,"column":13}},"type":"if","locations":[{"start":{"line":90,"column":12},"end":{"line":104,"column":13}},{"start":{"line":90,"column":12},"end":{"line":104,"column":13}}]}},"s":{"0":2,"1":2,"2":2,"3":0,"4":0,"5":0,"6":0,"7":0,"8":0,"9":2,"10":2,"11":2,"12":2,"13":2,"14":17,"15":17,"16":17,"17":0,"18":17,"19":4,"20":17,"21":4,"22":17,"23":6,"24":11,"25":17,"26":4,"27":1,"28":17,"29":4,"30":1,"31":17,"32":4,"33":17,"34":5,"35":5,"36":5,"37":5,"38":17,"39":5,"40":3,"41":17,"42":3,"43":3,"44":6,"45":3,"46":6,"47":3,"48":17,"49":5,"50":2,"51":3,"52":3,"53":3,"54":3,"55":2,"56":3,"57":2,"58":3,"59":17,"60":5,"61":17,"62":1,"63":1,"64":1,"65":1,"66":3,"67":1,"68":1,"69":1,"70":31,"71":2,"72":2,"73":2,"74":2,"75":17,"76":17,"77":2,"78":2},"f":{"0":0,"1":17,"2":0,"3":4,"4":4,"5":6,"6":11,"7":4,"8":1,"9":4,"10":1,"11":4,"12":5,"13":5,"14":3,"15":3,"16":6,"17":6,"18":5,"19":5,"20":1,"21":1,"22":3,"23":1,"24":1,"25":31,"26":2,"27":2},"b":{"0":[2,2,2,0],"1":[0,0],"2":[1,3],"3":[2,3],"4":[3,0],"5":[2,1],"6":[2,1]},"_coverageSchema":"332fd63041d2c1bcb487cc26dd0d5f7d97098a6c","hash":"be4ababb45b75664b11b9413875a9e5cef2b7788"}
,"/home/warren/radify/prism2/src/action/ReadItem.ts": {"path":"/home/warren/radify/prism2/src/action/ReadItem.ts","statementMap":{"0":{"start":{"line":1,"column":13},"end":{"line":1,"column":42}},"1":{"start":{"line":1,"column":42},"end":{"line":1,"column":55}},"2":{"start":{"line":2,"column":19},"end":{"line":2,"column":41}},"3":{"start":{"line":3,"column":15},"end":{"line":3,"column":32}},"4":{"start":{"line":4,"column":25},"end":{"line":4,"column":52}},"5":{"start":{"line":5,"column":16},"end":{"line":5,"column":32}},"6":{"start":{"line":8,"column":8},"end":{"line":8,"column":33}},"7":{"start":{"line":9,"column":8},"end":{"line":9,"column":28}},"8":{"start":{"line":10,"column":8},"end":{"line":11,"column":47}},"9":{"start":{"line":10,"column":43},"end":{"line":11,"column":46}},"10":{"start":{"line":12,"column":8},"end":{"line":18,"column":11}},"11":{"start":{"line":12,"column":43},"end":{"line":18,"column":9}},"12":{"start":{"line":19,"column":8},"end":{"line":19,"column":64}},"13":{"start":{"line":19,"column":43},"end":{"line":19,"column":63}},"14":{"start":{"line":20,"column":8},"end":{"line":23,"column":12}},"15":{"start":{"line":20,"column":47},"end":{"line":23,"column":11}},"16":{"start":{"line":20,"column":85},"end":{"line":23,"column":9}},"17":{"start":{"line":24,"column":8},"end":{"line":29,"column":12}},"18":{"start":{"line":24,"column":42},"end":{"line":29,"column":11}},"19":{"start":{"line":24,"column":95},"end":{"line":29,"column":9}},"20":{"start":{"line":30,"column":8},"end":{"line":35,"column":10}},"21":{"start":{"line":31,"column":12},"end":{"line":31,"column":70}},"22":{"start":{"line":32,"column":12},"end":{"line":32,"column":64}},"23":{"start":{"line":33,"column":12},"end":{"line":33,"column":62}},"24":{"start":{"line":34,"column":12},"end":{"line":34,"column":23}},"25":{"start":{"line":36,"column":8},"end":{"line":39,"column":12}},"26":{"start":{"line":36,"column":50},"end":{"line":39,"column":11}},"27":{"start":{"line":36,"column":103},"end":{"line":39,"column":9}},"28":{"start":{"line":40,"column":8},"end":{"line":40,"column":50}},"29":{"start":{"line":40,"column":47},"end":{"line":40,"column":49}},"30":{"start":{"line":41,"column":8},"end":{"line":41,"column":111}},"31":{"start":{"line":41,"column":46},"end":{"line":41,"column":110}},"32":{"start":{"line":41,"column":98},"end":{"line":41,"column":109}},"33":{"start":{"line":42,"column":8},"end":{"line":117,"column":10}},"34":{"start":{"line":49,"column":32},"end":{"line":56,"column":17}},"35":{"start":{"line":50,"column":20},"end":{"line":50,"column":30}},"36":{"start":{"line":51,"column":20},"end":{"line":54,"column":23}},"37":{"start":{"line":55,"column":20},"end":{"line":55,"column":31}},"38":{"start":{"line":65,"column":32},"end":{"line":75,"column":17}},"39":{"start":{"line":66,"column":32},"end":{"line":66,"column":59}},"40":{"start":{"line":67,"column":20},"end":{"line":73,"column":21}},"41":{"start":{"line":68,"column":24},"end":{"line":72,"column":27}},"42":{"start":{"line":74,"column":20},"end":{"line":74,"column":33}},"43":{"start":{"line":81,"column":58},"end":{"line":93,"column":13}},"44":{"start":{"line":85,"column":32},"end":{"line":92,"column":17}},"45":{"start":{"line":86,"column":32},"end":{"line":89,"column":23}},"46":{"start":{"line":90,"column":20},"end":{"line":91,"column":39}},"47":{"start":{"line":98,"column":58},"end":{"line":116,"column":13}},"48":{"start":{"line":102,"column":32},"end":{"line":115,"column":17}},"49":{"start":{"line":103,"column":20},"end":{"line":103,"column":47}},"50":{"start":{"line":104,"column":20},"end":{"line":113,"column":23}},"51":{"start":{"line":105,"column":41},"end":{"line":105,"column":102}},"52":{"start":{"line":107,"column":24},"end":{"line":111,"column":27}},"53":{"start":{"line":112,"column":24},"end":{"line":112,"column":71}},"54":{"start":{"line":114,"column":20},"end":{"line":114,"column":31}},"55":{"start":{"line":118,"column":19},"end":{"line":118,"column":67}},"56":{"start":{"line":118,"column":56},"end":{"line":118,"column":66}},"57":{"start":{"line":119,"column":8},"end":{"line":119,"column":60}},"58":{"start":{"line":122,"column":0},"end":{"line":122,"column":62}},"59":{"start":{"line":123,"column":0},"end":{"line":123,"column":27}}},"fnMap":{"0":{"name":"(anonymous_0)","decl":{"start":{"line":7,"column":4},"end":{"line":7,"column":5}},"loc":{"start":{"line":7,"column":26},"end":{"line":120,"column":5}}},"1":{"name":"(anonymous_1)","decl":{"start":{"line":10,"column":22},"end":{"line":10,"column":23}},"loc":{"start":{"line":10,"column":43},"end":{"line":11,"column":46}}},"2":{"name":"(anonymous_2)","decl":{"start":{"line":12,"column":21},"end":{"line":12,"column":22}},"loc":{"start":{"line":12,"column":43},"end":{"line":18,"column":9}}},"3":{"name":"(anonymous_3)","decl":{"start":{"line":19,"column":22},"end":{"line":19,"column":23}},"loc":{"start":{"line":19,"column":43},"end":{"line":19,"column":63}}},"4":{"name":"(anonymous_4)","decl":{"start":{"line":20,"column":26},"end":{"line":20,"column":27}},"loc":{"start":{"line":20,"column":47},"end":{"line":23,"column":11}}},"5":{"name":"(anonymous_5)","decl":{"start":{"line":20,"column":77},"end":{"line":20,"column":78}},"loc":{"start":{"line":20,"column":85},"end":{"line":23,"column":9}}},"6":{"name":"(anonymous_6)","decl":{"start":{"line":24,"column":21},"end":{"line":24,"column":22}},"loc":{"start":{"line":24,"column":42},"end":{"line":29,"column":11}}},"7":{"name":"(anonymous_7)","decl":{"start":{"line":24,"column":84},"end":{"line":24,"column":85}},"loc":{"start":{"line":24,"column":95},"end":{"line":29,"column":9}}},"8":{"name":"(anonymous_8)","decl":{"start":{"line":30,"column":24},"end":{"line":30,"column":25}},"loc":{"start":{"line":30,"column":50},"end":{"line":35,"column":9}}},"9":{"name":"(anonymous_9)","decl":{"start":{"line":36,"column":24},"end":{"line":36,"column":25}},"loc":{"start":{"line":36,"column":50},"end":{"line":39,"column":11}}},"10":{"name":"(anonymous_10)","decl":{"start":{"line":36,"column":92},"end":{"line":36,"column":93}},"loc":{"start":{"line":36,"column":103},"end":{"line":39,"column":9}}},"11":{"name":"(anonymous_11)","decl":{"start":{"line":40,"column":21},"end":{"line":40,"column":22}},"loc":{"start":{"line":40,"column":47},"end":{"line":40,"column":49}}},"12":{"name":"(anonymous_12)","decl":{"start":{"line":41,"column":20},"end":{"line":41,"column":21}},"loc":{"start":{"line":41,"column":46},"end":{"line":41,"column":110}}},"13":{"name":"(anonymous_13)","decl":{"start":{"line":41,"column":88},"end":{"line":41,"column":89}},"loc":{"start":{"line":41,"column":98},"end":{"line":41,"column":109}}},"14":{"name":"(anonymous_14)","decl":{"start":{"line":49,"column":24},"end":{"line":49,"column":25}},"loc":{"start":{"line":49,"column":32},"end":{"line":56,"column":17}}},"15":{"name":"(anonymous_15)","decl":{"start":{"line":49,"column":32},"end":{"line":49,"column":33}},"loc":{"start":{"line":49,"column":39},"end":{"line":56,"column":17}}},"16":{"name":"(anonymous_16)","decl":{"start":{"line":65,"column":24},"end":{"line":65,"column":25}},"loc":{"start":{"line":65,"column":32},"end":{"line":75,"column":17}}},"17":{"name":"(anonymous_17)","decl":{"start":{"line":65,"column":32},"end":{"line":65,"column":33}},"loc":{"start":{"line":65,"column":59},"end":{"line":75,"column":17}}},"18":{"name":"(anonymous_18)","decl":{"start":{"line":81,"column":48},"end":{"line":81,"column":49}},"loc":{"start":{"line":81,"column":58},"end":{"line":93,"column":13}}},"19":{"name":"(anonymous_19)","decl":{"start":{"line":85,"column":24},"end":{"line":85,"column":25}},"loc":{"start":{"line":85,"column":32},"end":{"line":92,"column":17}}},"20":{"name":"(anonymous_20)","decl":{"start":{"line":85,"column":32},"end":{"line":85,"column":33}},"loc":{"start":{"line":85,"column":53},"end":{"line":92,"column":17}}},"21":{"name":"(anonymous_21)","decl":{"start":{"line":98,"column":48},"end":{"line":98,"column":49}},"loc":{"start":{"line":98,"column":58},"end":{"line":116,"column":13}}},"22":{"name":"(anonymous_22)","decl":{"start":{"line":102,"column":24},"end":{"line":102,"column":25}},"loc":{"start":{"line":102,"column":32},"end":{"line":115,"column":17}}},"23":{"name":"(anonymous_23)","decl":{"start":{"line":102,"column":32},"end":{"line":102,"column":33}},"loc":{"start":{"line":102,"column":58},"end":{"line":115,"column":17}}},"24":{"name":"(anonymous_24)","decl":{"start":{"line":105,"column":32},"end":{"line":105,"column":33}},"loc":{"start":{"line":105,"column":41},"end":{"line":105,"column":102}}},"25":{"name":"(anonymous_25)","decl":{"start":{"line":106,"column":33},"end":{"line":106,"column":34}},"loc":{"start":{"line":106,"column":42},"end":{"line":113,"column":21}}},"26":{"name":"(anonymous_26)","decl":{"start":{"line":118,"column":49},"end":{"line":118,"column":50}},"loc":{"start":{"line":118,"column":56},"end":{"line":118,"column":66}}}},"branchMap":{"0":{"loc":{"start":{"line":67,"column":20},"end":{"line":73,"column":21}},"type":"if","locations":[{"start":{"line":67,"column":20},"end":{"line":73,"column":21}},{"start":{"line":67,"column":20},"end":{"line":73,"column":21}}]},"1":{"loc":{"start":{"line":105,"column":41},"end":{"line":105,"column":102}},"type":"binary-expr","locations":[{"start":{"line":105,"column":41},"end":{"line":105,"column":66}},{"start":{"line":105,"column":70},"end":{"line":105,"column":102}}]}},"s":{"0":2,"1":2,"2":2,"3":2,"4":2,"5":2,"6":21,"7":21,"8":21,"9":0,"10":21,"11":1,"12":21,"13":1,"14":21,"15":1,"16":1,"17":21,"18":3,"19":5,"20":21,"21":5,"22":5,"23":5,"24":5,"25":21,"26":5,"27":6,"28":21,"29":5,"30":21,"31":5,"32":6,"33":21,"34":1,"35":1,"36":1,"37":1,"38":1,"39":1,"40":1,"41":1,"42":1,"43":14,"44":1,"45":1,"46":1,"47":14,"48":1,"49":1,"50":1,"51":2,"52":1,"53":1,"54":1,"55":21,"56":21,"57":21,"58":2,"59":2},"f":{"0":21,"1":0,"2":1,"3":1,"4":1,"5":1,"6":3,"7":5,"8":5,"9":5,"10":6,"11":5,"12":5,"13":6,"14":1,"15":1,"16":1,"17":1,"18":14,"19":1,"20":1,"21":14,"22":1,"23":1,"24":2,"25":1,"26":21},"b":{"0":[1,0],"1":[2,2]},"_coverageSchema":"332fd63041d2c1bcb487cc26dd0d5f7d97098a6c","hash":"79c73fac9a03e78188e3e7821bead6f270e2c84e"}
,"/home/warren/radify/prism2/src/action/Root.ts": {"path":"/home/warren/radify/prism2/src/action/Root.ts","statementMap":{"0":{"start":{"line":1,"column":13},"end":{"line":1,"column":42}},"1":{"start":{"line":1,"column":42},"end":{"line":1,"column":55}},"2":{"start":{"line":4,"column":8},"end":{"line":4,"column":23}},"3":{"start":{"line":5,"column":8},"end":{"line":5,"column":28}},"4":{"start":{"line":6,"column":8},"end":{"line":6,"column":33}},"5":{"start":{"line":6,"column":29},"end":{"line":6,"column":31}},"6":{"start":{"line":7,"column":8},"end":{"line":7,"column":37}},"7":{"start":{"line":7,"column":33},"end":{"line":7,"column":36}},"8":{"start":{"line":10,"column":0},"end":{"line":10,"column":62}},"9":{"start":{"line":11,"column":0},"end":{"line":11,"column":23}}},"fnMap":{"0":{"name":"(anonymous_0)","decl":{"start":{"line":3,"column":4},"end":{"line":3,"column":5}},"loc":{"start":{"line":3,"column":18},"end":{"line":8,"column":5}}},"1":{"name":"(anonymous_1)","decl":{"start":{"line":6,"column":22},"end":{"line":6,"column":23}},"loc":{"start":{"line":6,"column":29},"end":{"line":6,"column":31}}},"2":{"name":"(anonymous_2)","decl":{"start":{"line":7,"column":24},"end":{"line":7,"column":25}},"loc":{"start":{"line":7,"column":33},"end":{"line":7,"column":36}}}},"branchMap":{},"s":{"0":2,"1":2,"2":7,"3":7,"4":7,"5":0,"6":7,"7":2,"8":2,"9":2},"f":{"0":7,"1":0,"2":2},"b":{},"_coverageSchema":"332fd63041d2c1bcb487cc26dd0d5f7d97098a6c","hash":"b428f08be9f8e68c8f47f81edb3ba5df77f236df"}
,"/home/warren/radify/prism2/src/source/PostgreSQL.ts": {"path":"/home/warren/radify/prism2/src/source/PostgreSQL.ts","statementMap":{"0":{"start":{"line":1,"column":13},"end":{"line":1,"column":42}},"1":{"start":{"line":1,"column":42},"end":{"line":1,"column":55}},"2":{"start":{"line":2,"column":15},"end":{"line":9,"column":1}},"3":{"start":{"line":3,"column":4},"end":{"line":7,"column":5}},"4":{"start":{"line":4,"column":8},"end":{"line":4,"column":25}},"5":{"start":{"line":5,"column":8},"end":{"line":6,"column":24}},"6":{"start":{"line":5,"column":25},"end":{"line":6,"column":24}},"7":{"start":{"line":6,"column":12},"end":{"line":6,"column":24}},"8":{"start":{"line":8,"column":4},"end":{"line":8,"column":13}},"9":{"start":{"line":10,"column":16},"end":{"line":10,"column":35}},"10":{"start":{"line":11,"column":15},"end":{"line":11,"column":31}},"11":{"start":{"line":12,"column":16},"end":{"line":12,"column":32}},"12":{"start":{"line":13,"column":14},"end":{"line":13,"column":43}},"13":{"start":{"line":14,"column":24},"end":{"line":16,"column":1}},"14":{"start":{"line":19,"column":8},"end":{"line":19,"column":23}},"15":{"start":{"line":20,"column":8},"end":{"line":20,"column":63}},"16":{"start":{"line":23,"column":18},"end":{"line":25,"column":49}},"17":{"start":{"line":26,"column":8},"end":{"line":26,"column":36}},"18":{"start":{"line":27,"column":8},"end":{"line":27,"column":34}},"19":{"start":{"line":28,"column":24},"end":{"line":28,"column":37}},"20":{"start":{"line":29,"column":8},"end":{"line":29,"column":68}},"21":{"start":{"line":32,"column":18},"end":{"line":33,"column":31}},"22":{"start":{"line":34,"column":8},"end":{"line":34,"column":36}},"23":{"start":{"line":35,"column":8},"end":{"line":35,"column":40}},"24":{"start":{"line":36,"column":8},"end":{"line":36,"column":35}},"25":{"start":{"line":37,"column":8},"end":{"line":37,"column":35}},"26":{"start":{"line":38,"column":8},"end":{"line":42,"column":9}},"27":{"start":{"line":39,"column":28},"end":{"line":39,"column":41}},"28":{"start":{"line":40,"column":12},"end":{"line":41,"column":65}},"29":{"start":{"line":41,"column":32},"end":{"line":41,"column":63}},"30":{"start":{"line":43,"column":8},"end":{"line":43,"column":35}},"31":{"start":{"line":44,"column":24},"end":{"line":44,"column":37}},"32":{"start":{"line":45,"column":20},"end":{"line":47,"column":30}},"33":{"start":{"line":48,"column":8},"end":{"line":48,"column":42}},"34":{"start":{"line":49,"column":8},"end":{"line":49,"column":43}},"35":{"start":{"line":50,"column":29},"end":{"line":50,"column":44}},"36":{"start":{"line":51,"column":8},"end":{"line":56,"column":11}},"37":{"start":{"line":53,"column":33},"end":{"line":53,"column":87}},"38":{"start":{"line":53,"column":55},"end":{"line":53,"column":86}},"39":{"start":{"line":55,"column":32},"end":{"line":55,"column":58}},"40":{"start":{"line":59,"column":18},"end":{"line":62,"column":49}},"41":{"start":{"line":63,"column":8},"end":{"line":63,"column":40}},"42":{"start":{"line":64,"column":8},"end":{"line":64,"column":36}},"43":{"start":{"line":65,"column":24},"end":{"line":65,"column":37}},"44":{"start":{"line":66,"column":8},"end":{"line":66,"column":68}},"45":{"start":{"line":69,"column":18},"end":{"line":70,"column":31}},"46":{"start":{"line":71,"column":8},"end":{"line":71,"column":40}},"47":{"start":{"line":72,"column":24},"end":{"line":72,"column":37}},"48":{"start":{"line":73,"column":8},"end":{"line":73,"column":68}},"49":{"start":{"line":76,"column":8},"end":{"line":79,"column":9}},"50":{"start":{"line":77,"column":12},"end":{"line":77,"column":39}},"51":{"start":{"line":78,"column":12},"end":{"line":78,"column":66}},"52":{"start":{"line":82,"column":8},"end":{"line":87,"column":9}},"53":{"start":{"line":83,"column":12},"end":{"line":83,"column":78}},"54":{"start":{"line":83,"column":49},"end":{"line":83,"column":75}},"55":{"start":{"line":86,"column":12},"end":{"line":86,"column":43}},"56":{"start":{"line":90,"column":8},"end":{"line":94,"column":9}},"57":{"start":{"line":91,"column":12},"end":{"line":93,"column":15}},"58":{"start":{"line":92,"column":16},"end":{"line":92,"column":85}},"59":{"start":{"line":97,"column":8},"end":{"line":106,"column":9}},"60":{"start":{"line":98,"column":12},"end":{"line":105,"column":15}},"61":{"start":{"line":99,"column":28},"end":{"line":99,"column":68}},"62":{"start":{"line":100,"column":27},"end":{"line":100,"column":80}},"63":{"start":{"line":101,"column":16},"end":{"line":101,"column":91}},"64":{"start":{"line":102,"column":16},"end":{"line":104,"column":17}},"65":{"start":{"line":103,"column":20},"end":{"line":103,"column":69}},"66":{"start":{"line":109,"column":8},"end":{"line":111,"column":9}},"67":{"start":{"line":110,"column":12},"end":{"line":110,"column":26}},"68":{"start":{"line":112,"column":8},"end":{"line":116,"column":19}},"69":{"start":{"line":113,"column":23},"end":{"line":113,"column":41}},"70":{"start":{"line":114,"column":22},"end":{"line":114,"column":62}},"71":{"start":{"line":115,"column":12},"end":{"line":115,"column":85}},"72":{"start":{"line":119,"column":8},"end":{"line":121,"column":9}},"73":{"start":{"line":120,"column":12},"end":{"line":120,"column":19}},"74":{"start":{"line":122,"column":8},"end":{"line":139,"column":11}},"75":{"start":{"line":123,"column":26},"end":{"line":123,"column":42}},"76":{"start":{"line":125,"column":24},"end":{"line":125,"column":64}},"77":{"start":{"line":126,"column":25},"end":{"line":126,"column":60}},"78":{"start":{"line":127,"column":12},"end":{"line":129,"column":13}},"79":{"start":{"line":128,"column":16},"end":{"line":128,"column":23}},"80":{"start":{"line":130,"column":25},"end":{"line":133,"column":35}},"81":{"start":{"line":134,"column":25},"end":{"line":136,"column":31}},"82":{"start":{"line":137,"column":12},"end":{"line":137,"column":74}},"83":{"start":{"line":138,"column":12},"end":{"line":138,"column":36}},"84":{"start":{"line":142,"column":0},"end":{"line":142,"column":62}},"85":{"start":{"line":143,"column":0},"end":{"line":143,"column":29}}},"fnMap":{"0":{"name":"(anonymous_0)","decl":{"start":{"line":2,"column":59},"end":{"line":2,"column":60}},"loc":{"start":{"line":2,"column":71},"end":{"line":9,"column":1}}},"1":{"name":"(anonymous_1)","decl":{"start":{"line":18,"column":4},"end":{"line":18,"column":5}},"loc":{"start":{"line":18,"column":30},"end":{"line":21,"column":5}}},"2":{"name":"(anonymous_2)","decl":{"start":{"line":22,"column":4},"end":{"line":22,"column":5}},"loc":{"start":{"line":22,"column":18},"end":{"line":30,"column":5}}},"3":{"name":"(anonymous_3)","decl":{"start":{"line":31,"column":4},"end":{"line":31,"column":5}},"loc":{"start":{"line":31,"column":16},"end":{"line":57,"column":5}}},"4":{"name":"(anonymous_4)","decl":{"start":{"line":41,"column":22},"end":{"line":41,"column":23}},"loc":{"start":{"line":41,"column":32},"end":{"line":41,"column":63}}},"5":{"name":"(anonymous_5)","decl":{"start":{"line":53,"column":22},"end":{"line":53,"column":23}},"loc":{"start":{"line":53,"column":33},"end":{"line":53,"column":87}}},"6":{"name":"(anonymous_6)","decl":{"start":{"line":53,"column":45},"end":{"line":53,"column":46}},"loc":{"start":{"line":53,"column":55},"end":{"line":53,"column":86}}},"7":{"name":"(anonymous_7)","decl":{"start":{"line":55,"column":22},"end":{"line":55,"column":23}},"loc":{"start":{"line":55,"column":32},"end":{"line":55,"column":58}}},"8":{"name":"(anonymous_8)","decl":{"start":{"line":58,"column":4},"end":{"line":58,"column":5}},"loc":{"start":{"line":58,"column":18},"end":{"line":67,"column":5}}},"9":{"name":"(anonymous_9)","decl":{"start":{"line":68,"column":4},"end":{"line":68,"column":5}},"loc":{"start":{"line":68,"column":18},"end":{"line":74,"column":5}}},"10":{"name":"(anonymous_10)","decl":{"start":{"line":75,"column":4},"end":{"line":75,"column":5}},"loc":{"start":{"line":75,"column":26},"end":{"line":80,"column":5}}},"11":{"name":"(anonymous_11)","decl":{"start":{"line":81,"column":4},"end":{"line":81,"column":5}},"loc":{"start":{"line":81,"column":27},"end":{"line":88,"column":5}}},"12":{"name":"(anonymous_12)","decl":{"start":{"line":83,"column":40},"end":{"line":83,"column":41}},"loc":{"start":{"line":83,"column":49},"end":{"line":83,"column":75}}},"13":{"name":"(anonymous_13)","decl":{"start":{"line":89,"column":4},"end":{"line":89,"column":5}},"loc":{"start":{"line":89,"column":31},"end":{"line":95,"column":5}}},"14":{"name":"(anonymous_14)","decl":{"start":{"line":91,"column":37},"end":{"line":91,"column":38}},"loc":{"start":{"line":91,"column":50},"end":{"line":93,"column":13}}},"15":{"name":"(anonymous_15)","decl":{"start":{"line":96,"column":4},"end":{"line":96,"column":5}},"loc":{"start":{"line":96,"column":36},"end":{"line":107,"column":5}}},"16":{"name":"(anonymous_16)","decl":{"start":{"line":98,"column":32},"end":{"line":98,"column":33}},"loc":{"start":{"line":98,"column":40},"end":{"line":105,"column":13}}},"17":{"name":"(anonymous_17)","decl":{"start":{"line":108,"column":4},"end":{"line":108,"column":5}},"loc":{"start":{"line":108,"column":31},"end":{"line":117,"column":5}}},"18":{"name":"(anonymous_18)","decl":{"start":{"line":112,"column":34},"end":{"line":112,"column":35}},"loc":{"start":{"line":112,"column":52},"end":{"line":116,"column":9}}},"19":{"name":"(anonymous_19)","decl":{"start":{"line":118,"column":4},"end":{"line":118,"column":5}},"loc":{"start":{"line":118,"column":27},"end":{"line":140,"column":5}}},"20":{"name":"(anonymous_20)","decl":{"start":{"line":123,"column":18},"end":{"line":123,"column":19}},"loc":{"start":{"line":123,"column":26},"end":{"line":123,"column":42}}},"21":{"name":"(anonymous_21)","decl":{"start":{"line":124,"column":21},"end":{"line":124,"column":22}},"loc":{"start":{"line":124,"column":29},"end":{"line":139,"column":9}}}},"branchMap":{"0":{"loc":{"start":{"line":2,"column":15},"end":{"line":9,"column":1}},"type":"binary-expr","locations":[{"start":{"line":2,"column":16},"end":{"line":2,"column":20}},{"start":{"line":2,"column":24},"end":{"line":2,"column":37}},{"start":{"line":2,"column":42},"end":{"line":2,"column":55}},{"start":{"line":2,"column":59},"end":{"line":9,"column":1}}]},"1":{"loc":{"start":{"line":5,"column":25},"end":{"line":6,"column":24}},"type":"if","locations":[{"start":{"line":5,"column":25},"end":{"line":6,"column":24}},{"start":{"line":5,"column":25},"end":{"line":6,"column":24}}]},"2":{"loc":{"start":{"line":38,"column":8},"end":{"line":42,"column":9}},"type":"if","locations":[{"start":{"line":38,"column":8},"end":{"line":42,"column":9}},{"start":{"line":38,"column":8},"end":{"line":42,"column":9}}]},"3":{"loc":{"start":{"line":76,"column":8},"end":{"line":79,"column":9}},"type":"if","locations":[{"start":{"line":76,"column":8},"end":{"line":79,"column":9}},{"start":{"line":76,"column":8},"end":{"line":79,"column":9}}]},"4":{"loc":{"start":{"line":82,"column":8},"end":{"line":87,"column":9}},"type":"if","locations":[{"start":{"line":82,"column":8},"end":{"line":87,"column":9}},{"start":{"line":82,"column":8},"end":{"line":87,"column":9}}]},"5":{"loc":{"start":{"line":90,"column":8},"end":{"line":94,"column":9}},"type":"if","locations":[{"start":{"line":90,"column":8},"end":{"line":94,"column":9}},{"start":{"line":90,"column":8},"end":{"line":94,"column":9}}]},"6":{"loc":{"start":{"line":97,"column":8},"end":{"line":106,"column":9}},"type":"if","locations":[{"start":{"line":97,"column":8},"end":{"line":106,"column":9}},{"start":{"line":97,"column":8},"end":{"line":106,"column":9}}]},"7":{"loc":{"start":{"line":102,"column":16},"end":{"line":104,"column":17}},"type":"if","locations":[{"start":{"line":102,"column":16},"end":{"line":104,"column":17}},{"start":{"line":102,"column":16},"end":{"line":104,"column":17}}]},"8":{"loc":{"start":{"line":109,"column":8},"end":{"line":111,"column":9}},"type":"if","locations":[{"start":{"line":109,"column":8},"end":{"line":111,"column":9}},{"start":{"line":109,"column":8},"end":{"line":111,"column":9}}]},"9":{"loc":{"start":{"line":119,"column":8},"end":{"line":121,"column":9}},"type":"if","locations":[{"start":{"line":119,"column":8},"end":{"line":121,"column":9}},{"start":{"line":119,"column":8},"end":{"line":121,"column":9}}]},"10":{"loc":{"start":{"line":127,"column":12},"end":{"line":129,"column":13}},"type":"if","locations":[{"start":{"line":127,"column":12},"end":{"line":129,"column":13}},{"start":{"line":127,"column":12},"end":{"line":129,"column":13}}]}},"s":{"0":1,"1":1,"2":1,"3":0,"4":0,"5":0,"6":0,"7":0,"8":0,"9":1,"10":1,"11":1,"12":1,"13":1,"14":14,"15":14,"16":2,"17":2,"18":2,"19":2,"20":2,"21":8,"22":8,"23":8,"24":8,"25":8,"26":8,"27":4,"28":4,"29":4,"30":4,"31":4,"32":4,"33":4,"34":4,"35":4,"36":4,"37":4,"38":8,"39":4,"40":2,"41":2,"42":2,"43":2,"44":2,"45":2,"46":2,"47":2,"48":2,"49":12,"50":2,"51":2,"52":8,"53":1,"54":2,"55":7,"56":16,"57":5,"58":5,"59":12,"60":3,"61":6,"62":6,"63":6,"64":6,"65":4,"66":12,"67":9,"68":3,"69":6,"70":6,"71":6,"72":4,"73":3,"74":1,"75":1,"76":2,"77":2,"78":2,"79":0,"80":2,"81":2,"82":2,"83":2,"84":1,"85":1},"f":{"0":0,"1":14,"2":2,"3":8,"4":4,"5":4,"6":8,"7":4,"8":2,"9":2,"10":12,"11":8,"12":2,"13":16,"14":5,"15":12,"16":6,"17":12,"18":6,"19":4,"20":1,"21":2},"b":{"0":[1,1,1,0],"1":[0,0],"2":[4,4],"3":[2,10],"4":[1,7],"5":[5,11],"6":[3,9],"7":[4,2],"8":[9,3],"9":[3,1],"10":[0,2]},"_coverageSchema":"332fd63041d2c1bcb487cc26dd0d5f7d97098a6c","hash":"dc9cda1b6585626599e0f43653b9c8339066587a"}
}
