TN:
SF:/home/warren/radify/prism2/src/Document.ts
FN:2,(anonymous_0)
FN:13,(anonymous_1)
FN:19,(anonymous_2)
FN:21,(anonymous_3)
FN:25,(anonymous_4)
FN:34,(anonymous_5)
FN:45,(anonymous_6)
FNF:7
FNH:6
FNDA:0,(anonymous_0)
FNDA:48,(anonymous_1)
FNDA:13,(anonymous_2)
FNDA:8,(anonymous_3)
FNDA:4,(anonymous_4)
FNDA:8,(anonymous_5)
FNDA:12,(anonymous_6)
DA:1,3
DA:2,3
DA:3,0
DA:4,0
DA:5,0
DA:6,0
DA:8,0
DA:10,3
DA:11,3
DA:14,48
DA:15,48
DA:16,48
DA:17,48
DA:20,13
DA:21,13
DA:22,8
DA:23,8
DA:25,13
DA:26,4
DA:27,4
DA:29,13
DA:32,3
DA:33,3
DA:34,3
DA:35,8
DA:36,8
DA:37,8
DA:38,5
DA:40,3
DA:41,1
DA:43,2
DA:45,3
DA:46,12
DA:47,8
DA:50,8
DA:52,4
DA:53,2
DA:54,2
DA:56,2
DA:57,0
DA:58,0
DA:60,2
LF:42
LH:35
BRDA:2,0,0,3
BRDA:2,0,1,3
BRDA:2,0,2,3
BRDA:2,0,3,0
BRDA:5,1,0,0
BRDA:5,1,1,0
BRDA:13,2,0,12
BRDA:37,3,0,5
BRDA:37,3,1,3
BRDA:40,4,0,1
BRDA:40,4,1,2
BRDA:45,5,0,11
BRDA:46,6,0,8
BRDA:46,6,1,4
BRDA:48,7,0,1
BRDA:48,7,1,7
BRDA:52,8,0,2
BRDA:52,8,1,2
BRDA:53,9,0,0
BRDA:53,9,1,2
BRDA:56,10,0,0
BRDA:56,10,1,2
BRF:22
BRH:17
end_of_record
TN:
SF:/home/warren/radify/prism2/src/registry.ts
FN:4,(anonymous_0)
FN:8,(anonymous_1)
FN:14,(anonymous_2)
FN:17,(anonymous_3)
FN:19,(anonymous_4)
FN:22,(anonymous_5)
FN:23,(anonymous_6)
FN:24,(anonymous_7)
FN:31,(anonymous_8)
FN:32,(anonymous_9)
FNF:10
FNH:10
FNDA:7,(anonymous_0)
FNDA:20,(anonymous_1)
FNDA:51,(anonymous_2)
FNDA:60,(anonymous_3)
FNDA:9,(anonymous_4)
FNDA:86,(anonymous_5)
FNDA:21,(anonymous_6)
FNDA:8,(anonymous_7)
FNDA:86,(anonymous_8)
FNDA:233,(anonymous_9)
DA:1,2
DA:2,2
DA:5,7
DA:6,7
DA:9,20
DA:10,0
DA:12,20
DA:13,20
DA:14,51
DA:18,60
DA:19,21
DA:21,39
DA:22,39
DA:23,86
DA:24,21
DA:25,8
DA:28,86
DA:32,233
DA:33,86
DA:34,65
DA:36,21
DA:37,21
DA:40,2
DA:41,2
LF:24
LH:23
BRDA:9,0,0,0
BRDA:9,0,1,20
BRDA:13,1,0,13
BRDA:13,1,1,7
BRDA:18,2,0,21
BRDA:18,2,1,39
BRDA:23,3,0,86
BRDA:23,3,1,13
BRDA:32,4,0,233
BRDA:32,4,1,64
BRDA:33,5,0,65
BRDA:33,5,1,21
BRF:12
BRH:11
end_of_record
TN:
SF:/home/warren/radify/prism2/src/action/ReadCollection.ts
FN:2,(anonymous_0)
FN:18,(anonymous_1)
FN:21,(anonymous_2)
FN:23,(anonymous_3)
FN:32,(anonymous_4)
FN:33,(anonymous_5)
FN:33,(anonymous_6)
FN:39,(anonymous_7)
FN:40,(anonymous_8)
FN:41,(anonymous_9)
FN:42,(anonymous_10)
FN:43,(anonymous_11)
FN:47,(anonymous_12)
FN:53,(anonymous_13)
FN:54,(anonymous_14)
FN:55,(anonymous_15)
FN:57,(anonymous_16)
FN:61,(anonymous_17)
FN:68,(anonymous_18)
FN:107,(anonymous_19)
FN:115,(anonymous_20)
FN:115,(anonymous_21)
FN:129,(anonymous_22)
FN:133,(anonymous_23)
FN:133,(anonymous_24)
FN:145,(anonymous_25)
FN:149,(anonymous_26)
FN:149,(anonymous_27)
FNF:28
FNH:26
FNDA:0,(anonymous_0)
FNDA:17,(anonymous_1)
FNDA:0,(anonymous_2)
FNDA:4,(anonymous_3)
FNDA:4,(anonymous_4)
FNDA:6,(anonymous_5)
FNDA:11,(anonymous_6)
FNDA:4,(anonymous_7)
FNDA:1,(anonymous_8)
FNDA:4,(anonymous_9)
FNDA:1,(anonymous_10)
FNDA:4,(anonymous_11)
FNDA:5,(anonymous_12)
FNDA:5,(anonymous_13)
FNDA:3,(anonymous_14)
FNDA:3,(anonymous_15)
FNDA:6,(anonymous_16)
FNDA:6,(anonymous_17)
FNDA:5,(anonymous_18)
FNDA:5,(anonymous_19)
FNDA:1,(anonymous_20)
FNDA:1,(anonymous_21)
FNDA:3,(anonymous_22)
FNDA:1,(anonymous_23)
FNDA:1,(anonymous_24)
FNDA:31,(anonymous_25)
FNDA:2,(anonymous_26)
FNDA:2,(anonymous_27)
DA:1,2
DA:2,2
DA:3,0
DA:4,0
DA:5,0
DA:6,0
DA:8,0
DA:10,2
DA:11,2
DA:12,2
DA:13,2
DA:14,2
DA:19,17
DA:20,17
DA:21,17
DA:23,17
DA:32,17
DA:33,17
DA:39,17
DA:40,1
DA:41,17
DA:42,1
DA:43,17
DA:47,17
DA:48,5
DA:49,5
DA:50,5
DA:51,5
DA:53,17
DA:54,3
DA:55,17
DA:56,3
DA:57,6
DA:61,6
DA:62,3
DA:68,17
DA:69,5
DA:70,2
DA:72,3
DA:73,3
DA:74,3
DA:75,3
DA:76,2
DA:90,3
DA:91,2
DA:105,3
DA:107,17
DA:108,17
DA:115,1
DA:116,1
DA:117,1
DA:122,1
DA:129,3
DA:133,1
DA:134,1
DA:138,1
DA:145,31
DA:149,2
DA:150,2
DA:151,2
DA:161,2
DA:165,17
DA:166,17
DA:169,2
DA:170,2
LF:65
LH:60
BRDA:2,0,0,2
BRDA:2,0,1,2
BRDA:2,0,2,2
BRDA:2,0,3,0
BRDA:5,1,0,0
BRDA:5,1,1,0
BRDA:44,2,0,1
BRDA:44,2,1,3
BRDA:69,3,0,2
BRDA:69,3,1,3
BRDA:73,4,0,3
BRDA:73,4,1,0
BRDA:75,5,0,2
BRDA:75,5,1,1
BRDA:90,6,0,2
BRDA:90,6,1,1
BRF:16
BRH:12
end_of_record
TN:
SF:/home/warren/radify/prism2/src/action/ReadItem.ts
FN:7,(anonymous_0)
FN:10,(anonymous_1)
FN:12,(anonymous_2)
FN:19,(anonymous_3)
FN:20,(anonymous_4)
FN:20,(anonymous_5)
FN:24,(anonymous_6)
FN:24,(anonymous_7)
FN:30,(anonymous_8)
FN:36,(anonymous_9)
FN:36,(anonymous_10)
FN:40,(anonymous_11)
FN:41,(anonymous_12)
FN:41,(anonymous_13)
FN:49,(anonymous_14)
FN:49,(anonymous_15)
FN:65,(anonymous_16)
FN:65,(anonymous_17)
FN:81,(anonymous_18)
FN:85,(anonymous_19)
FN:85,(anonymous_20)
FN:98,(anonymous_21)
FN:102,(anonymous_22)
FN:102,(anonymous_23)
FN:105,(anonymous_24)
FN:106,(anonymous_25)
FN:118,(anonymous_26)
FNF:27
FNH:26
FNDA:21,(anonymous_0)
FNDA:0,(anonymous_1)
FNDA:1,(anonymous_2)
FNDA:1,(anonymous_3)
FNDA:1,(anonymous_4)
FNDA:1,(anonymous_5)
FNDA:3,(anonymous_6)
FNDA:5,(anonymous_7)
FNDA:5,(anonymous_8)
FNDA:5,(anonymous_9)
FNDA:6,(anonymous_10)
FNDA:5,(anonymous_11)
FNDA:5,(anonymous_12)
FNDA:6,(anonymous_13)
FNDA:1,(anonymous_14)
FNDA:1,(anonymous_15)
FNDA:1,(anonymous_16)
FNDA:1,(anonymous_17)
FNDA:14,(anonymous_18)
FNDA:1,(anonymous_19)
FNDA:1,(anonymous_20)
FNDA:14,(anonymous_21)
FNDA:1,(anonymous_22)
FNDA:1,(anonymous_23)
FNDA:2,(anonymous_24)
FNDA:1,(anonymous_25)
FNDA:21,(anonymous_26)
DA:1,2
DA:2,2
DA:3,2
DA:4,2
DA:5,2
DA:8,21
DA:9,21
DA:10,21
DA:12,21
DA:19,21
DA:20,21
DA:24,21
DA:30,21
DA:31,5
DA:32,5
DA:33,5
DA:34,5
DA:36,21
DA:40,21
DA:41,21
DA:42,21
DA:49,1
DA:50,1
DA:51,1
DA:55,1
DA:65,1
DA:66,1
DA:67,1
DA:68,1
DA:74,1
DA:81,14
DA:85,1
DA:86,1
DA:90,1
DA:98,14
DA:102,1
DA:103,1
DA:104,1
DA:105,2
DA:107,1
DA:112,1
DA:114,1
DA:118,21
DA:119,21
DA:122,2
DA:123,2
LF:46
LH:46
BRDA:67,0,0,1
BRDA:67,0,1,0
BRDA:105,1,0,2
BRDA:105,1,1,2
BRF:4
BRH:3
end_of_record
TN:
SF:/home/warren/radify/prism2/src/action/Root.ts
FN:3,(anonymous_0)
FN:6,(anonymous_1)
FN:7,(anonymous_2)
FNF:3
FNH:2
FNDA:7,(anonymous_0)
FNDA:0,(anonymous_1)
FNDA:2,(anonymous_2)
DA:1,2
DA:4,7
DA:5,7
DA:6,7
DA:7,7
DA:10,2
DA:11,2
LF:7
LH:7
BRF:0
BRH:0
end_of_record
TN:
SF:/home/warren/radify/prism2/src/source/PostgreSQL.ts
FN:2,(anonymous_0)
FN:18,(anonymous_1)
FN:22,(anonymous_2)
FN:31,(anonymous_3)
FN:41,(anonymous_4)
FN:53,(anonymous_5)
FN:53,(anonymous_6)
FN:55,(anonymous_7)
FN:58,(anonymous_8)
FN:68,(anonymous_9)
FN:75,(anonymous_10)
FN:81,(anonymous_11)
FN:83,(anonymous_12)
FN:89,(anonymous_13)
FN:91,(anonymous_14)
FN:96,(anonymous_15)
FN:98,(anonymous_16)
FN:108,(anonymous_17)
FN:112,(anonymous_18)
FN:118,(anonymous_19)
FN:123,(anonymous_20)
FN:124,(anonymous_21)
FNF:22
FNH:21
FNDA:0,(anonymous_0)
FNDA:14,(anonymous_1)
FNDA:2,(anonymous_2)
FNDA:8,(anonymous_3)
FNDA:4,(anonymous_4)
FNDA:4,(anonymous_5)
FNDA:8,(anonymous_6)
FNDA:4,(anonymous_7)
FNDA:2,(anonymous_8)
FNDA:2,(anonymous_9)
FNDA:12,(anonymous_10)
FNDA:8,(anonymous_11)
FNDA:2,(anonymous_12)
FNDA:16,(anonymous_13)
FNDA:5,(anonymous_14)
FNDA:12,(anonymous_15)
FNDA:6,(anonymous_16)
FNDA:12,(anonymous_17)
FNDA:6,(anonymous_18)
FNDA:4,(anonymous_19)
FNDA:1,(anonymous_20)
FNDA:2,(anonymous_21)
DA:1,1
DA:2,1
DA:3,0
DA:4,0
DA:5,0
DA:6,0
DA:8,0
DA:10,1
DA:11,1
DA:12,1
DA:13,1
DA:14,1
DA:19,14
DA:20,14
DA:23,2
DA:26,2
DA:27,2
DA:28,2
DA:29,2
DA:32,8
DA:34,8
DA:35,8
DA:36,8
DA:37,8
DA:38,8
DA:39,4
DA:40,4
DA:41,4
DA:43,4
DA:44,4
DA:45,4
DA:48,4
DA:49,4
DA:50,4
DA:51,4
DA:53,8
DA:55,4
DA:59,2
DA:63,2
DA:64,2
DA:65,2
DA:66,2
DA:69,2
DA:71,2
DA:72,2
DA:73,2
DA:76,12
DA:77,2
DA:78,2
DA:82,8
DA:83,2
DA:86,7
DA:90,16
DA:91,5
DA:92,5
DA:97,12
DA:98,3
DA:99,6
DA:100,6
DA:101,6
DA:102,6
DA:103,4
DA:109,12
DA:110,9
DA:112,3
DA:113,6
DA:114,6
DA:115,6
DA:119,4
DA:120,3
DA:122,1
DA:123,1
DA:125,2
DA:126,2
DA:127,2
DA:128,0
DA:130,2
DA:134,2
DA:137,2
DA:138,2
DA:142,1
DA:143,1
LF:82
LH:76
BRDA:2,0,0,1
BRDA:2,0,1,1
BRDA:2,0,2,1
BRDA:2,0,3,0
BRDA:5,1,0,0
BRDA:5,1,1,0
BRDA:38,2,0,4
BRDA:38,2,1,4
BRDA:76,3,0,2
BRDA:76,3,1,10
BRDA:82,4,0,1
BRDA:82,4,1,7
BRDA:90,5,0,5
BRDA:90,5,1,11
BRDA:97,6,0,3
BRDA:97,6,1,9
BRDA:102,7,0,4
BRDA:102,7,1,2
BRDA:109,8,0,9
BRDA:109,8,1,3
BRDA:119,9,0,3
BRDA:119,9,1,1
BRDA:127,10,0,0
BRDA:127,10,1,2
BRF:24
BRH:20
end_of_record
